# Logfile created on 2020-11-28 17:17:41 -0300 by logger.rb/61378
D, [2020-11-28T17:17:49.958779 #8680] DEBUG -- : MONGODB | Topology type 'unknown' initializing.
D, [2020-11-28T17:17:49.960294 #8680] DEBUG -- : MONGODB | There was a change in the members of the 'Unknown' topology.
D, [2020-11-28T17:17:49.961238 #8680] DEBUG -- : MONGODB | Server rocklov-web:27017 initializing.
D, [2020-11-28T17:17:50.011913 #8680] DEBUG -- : MONGODB | Waiting for up to 30.00 seconds for servers to be scanned: #<Cluster topology=Unknown[rocklov-web:27017] servers=[#<Server address=rocklov-web:27017 UNKNOWN>]>
D, [2020-11-28T17:17:50.361664 #8680] DEBUG -- : MONGODB | Server description for rocklov-web:27017 changed from 'unknown' to 'standalone'.
D, [2020-11-28T17:17:50.379274 #8680] DEBUG -- : MONGODB | Topology type 'Unknown' changed to type 'Single'.
D, [2020-11-28T17:17:50.763773 #8680] DEBUG -- : MONGODB | Server description for rocklov-web:27017 changed from 'standalone' to 'standalone'.
D, [2020-11-28T17:17:50.764497 #8680] DEBUG -- : MONGODB | There was a change in the members of the 'Single' topology.
D, [2020-11-28T17:17:50.765823 #8680] DEBUG -- : MONGODB | rocklov-web:27017 req:7 conn:1:1 sconn:23 | rocklov.delete | STARTED | {"delete"=>"users", "ordered"=>true, "deletes"=>[{"q"=>{"email"=>"paulo@email.com"}, "limit"=>0}], "$db"=>"rocklov", "lsid"=>{"id"=><BSON::Binary:0x60545260 type=uuid data=0xa99b87ce96524800...>}}
D, [2020-11-28T17:17:50.777441 #8680] DEBUG -- : MONGODB | rocklov-web:27017 req:7 | rocklov.delete | SUCCEEDED | 0.011s
D, [2020-11-28T17:18:00.729789 #8680] DEBUG -- : MONGODB | Server description for rocklov-web:27017 changed from 'standalone' to 'standalone'.
D, [2020-11-28T17:18:00.730117 #8680] DEBUG -- : MONGODB | There was a change in the members of the 'Single' topology.
D, [2020-11-28T17:18:12.426391 #8680] DEBUG -- : MONGODB | Server description for rocklov-web:27017 changed from 'standalone' to 'standalone'.
D, [2020-11-28T17:18:12.433019 #8680] DEBUG -- : MONGODB | There was a change in the members of the 'Single' topology.
D, [2020-11-28T17:18:12.673717 #8680] DEBUG -- : MONGODB | rocklov-web:27017 req:9 conn:1:2 sconn:25 | admin.endSessions | STARTED | {"endSessions"=>[{"id"=><BSON::Binary:0x60545260 type=uuid data=0xa99b87ce96524800...>}], "$db"=>"admin"}
D, [2020-11-28T17:18:12.685174 #8680] DEBUG -- : MONGODB | rocklov-web:27017 req:9 | admin.endSessions | SUCCEEDED | 0.011s
D, [2020-11-29T21:33:22.768027 #15872] DEBUG -- : MONGODB | Topology type 'unknown' initializing.
D, [2020-11-29T21:33:22.994906 #15872] DEBUG -- : MONGODB | There was a change in the members of the 'Unknown' topology.
D, [2020-11-29T21:33:23.002379 #15872] DEBUG -- : MONGODB | Server rocklov-web:27017 initializing.
D, [2020-11-29T21:33:23.002733 #15872] DEBUG -- : MONGODB | Waiting for up to 30.00 seconds for servers to be scanned: #<Cluster topology=Unknown[rocklov-web:27017] servers=[#<Server address=rocklov-web:27017 UNKNOWN>]>
D, [2020-11-29T21:33:23.121741 #15872] DEBUG -- : MONGODB | Server description for rocklov-web:27017 changed from 'unknown' to 'standalone'.
D, [2020-11-29T21:33:23.122086 #15872] DEBUG -- : MONGODB | Topology type 'Unknown' changed to type 'Single'.
D, [2020-11-29T21:33:25.654871 #15872] DEBUG -- : MONGODB | Server description for rocklov-web:27017 changed from 'standalone' to 'standalone'.
D, [2020-11-29T21:33:25.655261 #15872] DEBUG -- : MONGODB | There was a change in the members of the 'Single' topology.
D, [2020-11-29T21:33:26.042046 #15872] DEBUG -- : MONGODB | rocklov-web:27017 req:7 conn:1:1 sconn:27 | rocklov.delete | STARTED | {"delete"=>"users", "ordered"=>true, "deletes"=>[{"q"=>{"email"=>"paulo@email.com"}, "limit"=>0}], "$db"=>"rocklov", "lsid"=>{"id"=><BSON::Binary:0x62058580 type=uuid data=0x79d1259070274cf9...>}}
D, [2020-11-29T21:33:26.054143 #15872] DEBUG -- : MONGODB | rocklov-web:27017 req:7 | rocklov.delete | SUCCEEDED | 0.012s
D, [2020-11-29T21:33:35.651565 #15872] DEBUG -- : MONGODB | Server description for rocklov-web:27017 changed from 'standalone' to 'standalone'.
D, [2020-11-29T21:33:35.652234 #15872] DEBUG -- : MONGODB | There was a change in the members of the 'Single' topology.
D, [2020-11-29T21:33:46.704017 #15872] DEBUG -- : MONGODB | Server description for rocklov-web:27017 changed from 'standalone' to 'standalone'.
D, [2020-11-29T21:33:46.708982 #15872] DEBUG -- : MONGODB | There was a change in the members of the 'Single' topology.
D, [2020-11-29T21:33:46.751662 #15872] DEBUG -- : MONGODB | rocklov-web:27017 req:9 conn:1:2 sconn:29 | admin.endSessions | STARTED | {"endSessions"=>[{"id"=><BSON::Binary:0x62058580 type=uuid data=0x79d1259070274cf9...>}], "$db"=>"admin"}
D, [2020-11-29T21:33:46.767214 #15872] DEBUG -- : MONGODB | rocklov-web:27017 req:9 | admin.endSessions | SUCCEEDED | 0.012s
D, [2020-11-30T10:13:55.727144 #16548] DEBUG -- : MONGODB | Topology type 'unknown' initializing.
D, [2020-11-30T10:13:55.982672 #16548] DEBUG -- : MONGODB | There was a change in the members of the 'Unknown' topology.
D, [2020-11-30T10:13:55.983067 #16548] DEBUG -- : MONGODB | Server rocklov-web:27017 initializing.
D, [2020-11-30T10:13:55.984052 #16548] DEBUG -- : MONGODB | Waiting for up to 30.00 seconds for servers to be scanned: #<Cluster topology=Unknown[rocklov-web:27017] servers=[#<Server address=rocklov-web:27017 UNKNOWN>]>
D, [2020-11-30T10:13:56.707781 #16548] DEBUG -- : MONGODB | Server description for rocklov-web:27017 changed from 'unknown' to 'standalone'.
D, [2020-11-30T10:13:56.708405 #16548] DEBUG -- : MONGODB | Topology type 'Unknown' changed to type 'Single'.
D, [2020-11-30T10:13:58.788128 #16548] DEBUG -- : MONGODB | Server description for rocklov-web:27017 changed from 'standalone' to 'standalone'.
D, [2020-11-30T10:13:58.788571 #16548] DEBUG -- : MONGODB | There was a change in the members of the 'Single' topology.
D, [2020-11-30T10:13:59.007129 #16548] DEBUG -- : MONGODB | rocklov-web:27017 req:7 conn:1:1 sconn:31 | rocklov.delete | STARTED | {"delete"=>"users", "ordered"=>true, "deletes"=>[{"q"=>{"email"=>"paulo@email.com"}, "limit"=>0}], "$db"=>"rocklov", "lsid"=>{"id"=><BSON::Binary:0x59433980 type=uuid data=0x038d8a8fedc94970...>}}
D, [2020-11-30T10:13:59.019317 #16548] DEBUG -- : MONGODB | rocklov-web:27017 req:7 | rocklov.delete | SUCCEEDED | 0.012s
D, [2020-11-30T10:14:08.593595 #16548] DEBUG -- : MONGODB | Server description for rocklov-web:27017 changed from 'standalone' to 'standalone'.
D, [2020-11-30T10:14:08.594341 #16548] DEBUG -- : MONGODB | There was a change in the members of the 'Single' topology.
D, [2020-11-30T10:14:16.358539 #16548] DEBUG -- : MONGODB | Topology type 'unknown' initializing.
D, [2020-11-30T10:14:16.359120 #16548] DEBUG -- : MONGODB | There was a change in the members of the 'Unknown' topology.
D, [2020-11-30T10:14:16.359405 #16548] DEBUG -- : MONGODB | Server rocklov-web:27017 initializing.
D, [2020-11-30T10:14:16.359740 #16548] DEBUG -- : MONGODB | Waiting for up to 30.00 seconds for servers to be scanned: #<Cluster topology=Unknown[rocklov-web:27017] servers=[#<Server address=rocklov-web:27017 UNKNOWN>]>
D, [2020-11-30T10:14:16.373857 #16548] DEBUG -- : MONGODB | Server description for rocklov-web:27017 changed from 'unknown' to 'standalone'.
D, [2020-11-30T10:14:16.374453 #16548] DEBUG -- : MONGODB | Topology type 'Unknown' changed to type 'Single'.
D, [2020-11-30T10:14:16.388969 #16548] DEBUG -- : MONGODB | Server description for rocklov-web:27017 changed from 'standalone' to 'standalone'.
D, [2020-11-30T10:14:16.389253 #16548] DEBUG -- : MONGODB | There was a change in the members of the 'Single' topology.
D, [2020-11-30T10:14:16.390189 #16548] DEBUG -- : MONGODB | rocklov-web:27017 req:10 conn:1:1 sconn:34 | rocklov.delete | STARTED | {"delete"=>"users", "ordered"=>true, "deletes"=>[{"q"=>{"email"=>"paulo@email.com"}, "limit"=>0}], "$db"=>"rocklov", "lsid"=>{"id"=><BSON::Binary:0x60752700 type=uuid data=0xc98568ff74f547f2...>}}
D, [2020-11-30T10:14:16.401531 #16548] DEBUG -- : MONGODB | rocklov-web:27017 req:10 | rocklov.delete | SUCCEEDED | 0.011s
D, [2020-11-30T10:14:21.708691 #16548] DEBUG -- : MONGODB | Topology type 'unknown' initializing.
D, [2020-11-30T10:14:21.709122 #16548] DEBUG -- : MONGODB | There was a change in the members of the 'Unknown' topology.
D, [2020-11-30T10:14:21.709328 #16548] DEBUG -- : MONGODB | Server rocklov-web:27017 initializing.
D, [2020-11-30T10:14:21.709591 #16548] DEBUG -- : MONGODB | Waiting for up to 30.00 seconds for servers to be scanned: #<Cluster topology=Unknown[rocklov-web:27017] servers=[#<Server address=rocklov-web:27017 UNKNOWN>]>
D, [2020-11-30T10:14:21.722100 #16548] DEBUG -- : MONGODB | Server description for rocklov-web:27017 changed from 'unknown' to 'standalone'.
D, [2020-11-30T10:14:21.722374 #16548] DEBUG -- : MONGODB | Topology type 'Unknown' changed to type 'Single'.
D, [2020-11-30T10:14:21.736843 #16548] DEBUG -- : MONGODB | Server description for rocklov-web:27017 changed from 'standalone' to 'standalone'.
D, [2020-11-30T10:14:21.737405 #16548] DEBUG -- : MONGODB | There was a change in the members of the 'Single' topology.
D, [2020-11-30T10:14:21.738438 #16548] DEBUG -- : MONGODB | rocklov-web:27017 req:13 conn:1:1 sconn:36 | rocklov.delete | STARTED | {"delete"=>"users", "ordered"=>true, "deletes"=>[{"q"=>{"email"=>""}, "limit"=>0}], "$db"=>"rocklov", "lsid"=>{"id"=><BSON::Binary:0x74208740 type=uuid data=0xd4aee949f6ab4fc8...>}}
D, [2020-11-30T10:14:21.750608 #16548] DEBUG -- : MONGODB | rocklov-web:27017 req:13 | rocklov.delete | SUCCEEDED | 0.012s
D, [2020-11-30T10:14:25.419733 #16548] DEBUG -- : MONGODB | Topology type 'unknown' initializing.
D, [2020-11-30T10:14:25.421918 #16548] DEBUG -- : MONGODB | There was a change in the members of the 'Unknown' topology.
D, [2020-11-30T10:14:25.422705 #16548] DEBUG -- : MONGODB | Server rocklov-web:27017 initializing.
D, [2020-11-30T10:14:25.423072 #16548] DEBUG -- : MONGODB | Waiting for up to 30.00 seconds for servers to be scanned: #<Cluster topology=Unknown[rocklov-web:27017] servers=[#<Server address=rocklov-web:27017 UNKNOWN>]>
D, [2020-11-30T10:14:25.437967 #16548] DEBUG -- : MONGODB | Server description for rocklov-web:27017 changed from 'unknown' to 'standalone'.
D, [2020-11-30T10:14:25.439243 #16548] DEBUG -- : MONGODB | Topology type 'Unknown' changed to type 'Single'.
D, [2020-11-30T10:14:25.457897 #16548] DEBUG -- : MONGODB | Server description for rocklov-web:27017 changed from 'standalone' to 'standalone'.
D, [2020-11-30T10:14:25.459347 #16548] DEBUG -- : MONGODB | There was a change in the members of the 'Single' topology.
D, [2020-11-30T10:14:25.460675 #16548] DEBUG -- : MONGODB | rocklov-web:27017 req:16 conn:1:1 sconn:38 | rocklov.delete | STARTED | {"delete"=>"users", "ordered"=>true, "deletes"=>[{"q"=>{"email"=>"paulo*email.com"}, "limit"=>0}], "$db"=>"rocklov", "lsid"=>{"id"=><BSON::Binary:0x49223260 type=uuid data=0x209ae8acac534aa8...>}}
D, [2020-11-30T10:14:25.472672 #16548] DEBUG -- : MONGODB | rocklov-web:27017 req:16 | rocklov.delete | SUCCEEDED | 0.012s
D, [2020-11-30T10:14:26.387306 #16548] DEBUG -- : MONGODB | Server description for rocklov-web:27017 changed from 'standalone' to 'standalone'.
D, [2020-11-30T10:14:26.387869 #16548] DEBUG -- : MONGODB | There was a change in the members of the 'Single' topology.
D, [2020-11-30T10:14:29.487048 #16548] DEBUG -- : MONGODB | Topology type 'unknown' initializing.
D, [2020-11-30T10:14:29.487416 #16548] DEBUG -- : MONGODB | There was a change in the members of the 'Unknown' topology.
D, [2020-11-30T10:14:29.487628 #16548] DEBUG -- : MONGODB | Server rocklov-web:27017 initializing.
D, [2020-11-30T10:14:29.488002 #16548] DEBUG -- : MONGODB | Waiting for up to 30.00 seconds for servers to be scanned: #<Cluster topology=Unknown[rocklov-web:27017] servers=[#<Server address=rocklov-web:27017 UNKNOWN>]>
D, [2020-11-30T10:14:29.502163 #16548] DEBUG -- : MONGODB | Server description for rocklov-web:27017 changed from 'unknown' to 'standalone'.
D, [2020-11-30T10:14:29.503278 #16548] DEBUG -- : MONGODB | Topology type 'Unknown' changed to type 'Single'.
D, [2020-11-30T10:14:29.517846 #16548] DEBUG -- : MONGODB | Server description for rocklov-web:27017 changed from 'standalone' to 'standalone'.
D, [2020-11-30T10:14:29.628065 #16548] DEBUG -- : MONGODB | There was a change in the members of the 'Single' topology.
D, [2020-11-30T10:14:29.644135 #16548] DEBUG -- : MONGODB | rocklov-web:27017 req:19 conn:1:1 sconn:40 | rocklov.delete | STARTED | {"delete"=>"users", "ordered"=>true, "deletes"=>[{"q"=>{"email"=>"paulo@email.com"}, "limit"=>0}], "$db"=>"rocklov", "lsid"=>{"id"=><BSON::Binary:0x76147780 type=uuid data=0x888031b8515e4956...>}}
D, [2020-11-30T10:14:29.658486 #16548] DEBUG -- : MONGODB | rocklov-web:27017 req:19 | rocklov.delete | SUCCEEDED | 0.013s
D, [2020-11-30T10:14:31.750592 #16548] DEBUG -- : MONGODB | Server description for rocklov-web:27017 changed from 'standalone' to 'standalone'.
D, [2020-11-30T10:14:31.751170 #16548] DEBUG -- : MONGODB | There was a change in the members of the 'Single' topology.
D, [2020-11-30T10:14:35.451010 #16548] DEBUG -- : MONGODB | Server description for rocklov-web:27017 changed from 'standalone' to 'standalone'.
D, [2020-11-30T10:14:35.451277 #16548] DEBUG -- : MONGODB | There was a change in the members of the 'Single' topology.
D, [2020-11-30T10:14:36.744426 #16548] DEBUG -- : MONGODB | Server description for rocklov-web:27017 changed from 'standalone' to 'standalone'.
D, [2020-11-30T10:14:36.745550 #16548] DEBUG -- : MONGODB | There was a change in the members of the 'Single' topology.
D, [2020-11-30T10:14:36.786007 #16548] DEBUG -- : MONGODB | rocklov-web:27017 req:21 conn:1:2 sconn:41 | admin.endSessions | STARTED | {"endSessions"=>[{"id"=><BSON::Binary:0x76147780 type=uuid data=0x888031b8515e4956...>}], "$db"=>"admin"}
D, [2020-11-30T10:14:36.798575 #16548] DEBUG -- : MONGODB | rocklov-web:27017 req:21 | admin.endSessions | SUCCEEDED | 0.012s
D, [2020-11-30T10:14:36.820289 #16548] DEBUG -- : MONGODB | Server description for rocklov-web:27017 changed from 'standalone' to 'standalone'.
D, [2020-11-30T10:14:36.821642 #16548] DEBUG -- : MONGODB | There was a change in the members of the 'Single' topology.
D, [2020-11-30T10:14:36.823894 #16548] DEBUG -- : MONGODB | rocklov-web:27017 req:23 conn:1:2 sconn:42 | admin.endSessions | STARTED | {"endSessions"=>[{"id"=><BSON::Binary:0x49223260 type=uuid data=0x209ae8acac534aa8...>}], "$db"=>"admin"}
D, [2020-11-30T10:14:36.836466 #16548] DEBUG -- : MONGODB | rocklov-web:27017 req:23 | admin.endSessions | SUCCEEDED | 0.012s
D, [2020-11-30T10:14:36.854256 #16548] DEBUG -- : MONGODB | Server description for rocklov-web:27017 changed from 'standalone' to 'standalone'.
D, [2020-11-30T10:14:36.854766 #16548] DEBUG -- : MONGODB | There was a change in the members of the 'Single' topology.
D, [2020-11-30T10:14:36.856054 #16548] DEBUG -- : MONGODB | rocklov-web:27017 req:25 conn:1:2 sconn:43 | admin.endSessions | STARTED | {"endSessions"=>[{"id"=><BSON::Binary:0x74208740 type=uuid data=0xd4aee949f6ab4fc8...>}], "$db"=>"admin"}
D, [2020-11-30T10:14:36.869218 #16548] DEBUG -- : MONGODB | rocklov-web:27017 req:25 | admin.endSessions | SUCCEEDED | 0.012s
D, [2020-11-30T10:14:36.898311 #16548] DEBUG -- : MONGODB | Server description for rocklov-web:27017 changed from 'standalone' to 'standalone'.
D, [2020-11-30T10:14:36.898893 #16548] DEBUG -- : MONGODB | There was a change in the members of the 'Single' topology.
D, [2020-11-30T10:14:36.901562 #16548] DEBUG -- : MONGODB | rocklov-web:27017 req:27 conn:1:2 sconn:44 | admin.endSessions | STARTED | {"endSessions"=>[{"id"=><BSON::Binary:0x60752700 type=uuid data=0xc98568ff74f547f2...>}], "$db"=>"admin"}
D, [2020-11-30T10:14:36.921523 #16548] DEBUG -- : MONGODB | rocklov-web:27017 req:27 | admin.endSessions | SUCCEEDED | 0.013s
D, [2020-11-30T10:14:36.944532 #16548] DEBUG -- : MONGODB | Server description for rocklov-web:27017 changed from 'standalone' to 'standalone'.
D, [2020-11-30T10:14:36.945429 #16548] DEBUG -- : MONGODB | There was a change in the members of the 'Single' topology.
D, [2020-11-30T10:14:36.947900 #16548] DEBUG -- : MONGODB | rocklov-web:27017 req:29 conn:1:2 sconn:45 | admin.endSessions | STARTED | {"endSessions"=>[{"id"=><BSON::Binary:0x59433980 type=uuid data=0x038d8a8fedc94970...>}], "$db"=>"admin"}
D, [2020-11-30T10:14:36.960696 #16548] DEBUG -- : MONGODB | rocklov-web:27017 req:29 | admin.endSessions | SUCCEEDED | 0.012s
D, [2020-11-30T10:52:40.438768 #8540] DEBUG -- : MONGODB | Topology type 'unknown' initializing.
D, [2020-11-30T10:52:40.557450 #8540] DEBUG -- : MONGODB | There was a change in the members of the 'Unknown' topology.
D, [2020-11-30T10:52:40.560694 #8540] DEBUG -- : MONGODB | Server rocklov-web:27017 initializing.
D, [2020-11-30T10:52:40.562889 #8540] DEBUG -- : MONGODB | Waiting for up to 30.00 seconds for servers to be scanned: #<Cluster topology=Unknown[rocklov-web:27017] servers=[#<Server address=rocklov-web:27017 UNKNOWN>]>
D, [2020-11-30T10:52:40.739097 #8540] DEBUG -- : MONGODB | Server description for rocklov-web:27017 changed from 'unknown' to 'standalone'.
D, [2020-11-30T10:52:40.739766 #8540] DEBUG -- : MONGODB | Topology type 'Unknown' changed to type 'Single'.
D, [2020-11-30T10:52:41.100835 #8540] DEBUG -- : MONGODB | Server description for rocklov-web:27017 changed from 'standalone' to 'standalone'.
D, [2020-11-30T10:52:41.101280 #8540] DEBUG -- : MONGODB | There was a change in the members of the 'Single' topology.
D, [2020-11-30T10:52:41.145487 #8540] DEBUG -- : MONGODB | rocklov-web:27017 req:7 conn:1:1 sconn:47 | rocklov.delete | STARTED | {"delete"=>"users", "ordered"=>true, "deletes"=>[{"q"=>{"email"=>"paulo@email.com"}, "limit"=>0}], "$db"=>"rocklov", "lsid"=>{"id"=><BSON::Binary:0x33931480 type=uuid data=0x19cb6fa8e7514238...>}}
D, [2020-11-30T10:52:41.157157 #8540] DEBUG -- : MONGODB | rocklov-web:27017 req:7 | rocklov.delete | SUCCEEDED | 0.011s
D, [2020-11-30T10:52:44.909973 #8540] DEBUG -- : MONGODB | Topology type 'unknown' initializing.
D, [2020-11-30T10:52:44.911076 #8540] DEBUG -- : MONGODB | There was a change in the members of the 'Unknown' topology.
D, [2020-11-30T10:52:44.911614 #8540] DEBUG -- : MONGODB | Server rocklov-web:27017 initializing.
D, [2020-11-30T10:52:44.912195 #8540] DEBUG -- : MONGODB | Waiting for up to 30.00 seconds for servers to be scanned: #<Cluster topology=Unknown[rocklov-web:27017] servers=[#<Server address=rocklov-web:27017 UNKNOWN>]>
D, [2020-11-30T10:52:44.926054 #8540] DEBUG -- : MONGODB | Server description for rocklov-web:27017 changed from 'unknown' to 'standalone'.
D, [2020-11-30T10:52:44.926338 #8540] DEBUG -- : MONGODB | Topology type 'Unknown' changed to type 'Single'.
D, [2020-11-30T10:52:44.939833 #8540] DEBUG -- : MONGODB | Server description for rocklov-web:27017 changed from 'standalone' to 'standalone'.
D, [2020-11-30T10:52:44.940082 #8540] DEBUG -- : MONGODB | There was a change in the members of the 'Single' topology.
D, [2020-11-30T10:52:44.940760 #8540] DEBUG -- : MONGODB | rocklov-web:27017 req:10 conn:1:1 sconn:50 | rocklov.delete | STARTED | {"delete"=>"users", "ordered"=>true, "deletes"=>[{"q"=>{"email"=>"paulo@email.com"}, "limit"=>0}], "$db"=>"rocklov", "lsid"=>{"id"=><BSON::Binary:0x61227820 type=uuid data=0x7b9b80076fb34fd2...>}}
D, [2020-11-30T10:52:44.952640 #8540] DEBUG -- : MONGODB | rocklov-web:27017 req:10 | rocklov.delete | SUCCEEDED | 0.012s
D, [2020-11-30T10:52:49.159194 #8540] DEBUG -- : MONGODB | Topology type 'unknown' initializing.
D, [2020-11-30T10:52:49.159662 #8540] DEBUG -- : MONGODB | There was a change in the members of the 'Unknown' topology.
D, [2020-11-30T10:52:49.160239 #8540] DEBUG -- : MONGODB | Server rocklov-web:27017 initializing.
D, [2020-11-30T10:52:49.160703 #8540] DEBUG -- : MONGODB | Waiting for up to 30.00 seconds for servers to be scanned: #<Cluster topology=Unknown[rocklov-web:27017] servers=[#<Server address=rocklov-web:27017 UNKNOWN>]>
D, [2020-11-30T10:52:49.170859 #8540] DEBUG -- : MONGODB | Server description for rocklov-web:27017 changed from 'unknown' to 'standalone'.
D, [2020-11-30T10:52:49.171220 #8540] DEBUG -- : MONGODB | Topology type 'Unknown' changed to type 'Single'.
D, [2020-11-30T10:52:49.185876 #8540] DEBUG -- : MONGODB | Server description for rocklov-web:27017 changed from 'standalone' to 'standalone'.
D, [2020-11-30T10:52:49.186581 #8540] DEBUG -- : MONGODB | There was a change in the members of the 'Single' topology.
D, [2020-11-30T10:52:49.188120 #8540] DEBUG -- : MONGODB | rocklov-web:27017 req:13 conn:1:1 sconn:52 | rocklov.delete | STARTED | {"delete"=>"users", "ordered"=>true, "deletes"=>[{"q"=>{"email"=>""}, "limit"=>0}], "$db"=>"rocklov", "lsid"=>{"id"=><BSON::Binary:0x51123920 type=uuid data=0x64c098e2faa94a0c...>}}
D, [2020-11-30T10:52:49.202370 #8540] DEBUG -- : MONGODB | rocklov-web:27017 req:13 | rocklov.delete | SUCCEEDED | 0.012s
D, [2020-11-30T10:52:51.099977 #8540] DEBUG -- : MONGODB | Server description for rocklov-web:27017 changed from 'standalone' to 'standalone'.
D, [2020-11-30T10:52:51.100322 #8540] DEBUG -- : MONGODB | There was a change in the members of the 'Single' topology.
D, [2020-11-30T10:52:53.810028 #8540] DEBUG -- : MONGODB | Topology type 'unknown' initializing.
D, [2020-11-30T10:52:53.810540 #8540] DEBUG -- : MONGODB | There was a change in the members of the 'Unknown' topology.
D, [2020-11-30T10:52:53.811187 #8540] DEBUG -- : MONGODB | Server rocklov-web:27017 initializing.
D, [2020-11-30T10:52:53.814939 #8540] DEBUG -- : MONGODB | Waiting for up to 30.00 seconds for servers to be scanned: #<Cluster topology=Unknown[rocklov-web:27017] servers=[#<Server address=rocklov-web:27017 UNKNOWN>]>
D, [2020-11-30T10:52:53.910530 #8540] DEBUG -- : MONGODB | Server description for rocklov-web:27017 changed from 'unknown' to 'standalone'.
D, [2020-11-30T10:52:53.912232 #8540] DEBUG -- : MONGODB | Topology type 'Unknown' changed to type 'Single'.
D, [2020-11-30T10:52:53.956358 #8540] DEBUG -- : MONGODB | Server description for rocklov-web:27017 changed from 'standalone' to 'standalone'.
D, [2020-11-30T10:52:53.956586 #8540] DEBUG -- : MONGODB | There was a change in the members of the 'Single' topology.
D, [2020-11-30T10:52:53.957276 #8540] DEBUG -- : MONGODB | rocklov-web:27017 req:16 conn:1:1 sconn:54 | rocklov.delete | STARTED | {"delete"=>"users", "ordered"=>true, "deletes"=>[{"q"=>{"email"=>"paulo*email.com"}, "limit"=>0}], "$db"=>"rocklov", "lsid"=>{"id"=><BSON::Binary:0x75687820 type=uuid data=0xaaaf161720dd4892...>}}
D, [2020-11-30T10:52:53.969748 #8540] DEBUG -- : MONGODB | rocklov-web:27017 req:16 | rocklov.delete | SUCCEEDED | 0.012s
D, [2020-11-30T10:52:54.939197 #8540] DEBUG -- : MONGODB | Server description for rocklov-web:27017 changed from 'standalone' to 'standalone'.
D, [2020-11-30T10:52:54.939546 #8540] DEBUG -- : MONGODB | There was a change in the members of the 'Single' topology.
D, [2020-11-30T10:52:58.608438 #8540] DEBUG -- : MONGODB | Topology type 'unknown' initializing.
D, [2020-11-30T10:52:58.609046 #8540] DEBUG -- : MONGODB | There was a change in the members of the 'Unknown' topology.
D, [2020-11-30T10:52:58.609356 #8540] DEBUG -- : MONGODB | Server rocklov-web:27017 initializing.
D, [2020-11-30T10:52:58.609655 #8540] DEBUG -- : MONGODB | Waiting for up to 30.00 seconds for servers to be scanned: #<Cluster topology=Unknown[rocklov-web:27017] servers=[#<Server address=rocklov-web:27017 UNKNOWN>]>
D, [2020-11-30T10:52:58.630568 #8540] DEBUG -- : MONGODB | Server description for rocklov-web:27017 changed from 'unknown' to 'standalone'.
D, [2020-11-30T10:52:58.631060 #8540] DEBUG -- : MONGODB | Topology type 'Unknown' changed to type 'Single'.
D, [2020-11-30T10:52:58.647136 #8540] DEBUG -- : MONGODB | Server description for rocklov-web:27017 changed from 'standalone' to 'standalone'.
D, [2020-11-30T10:52:58.648989 #8540] DEBUG -- : MONGODB | There was a change in the members of the 'Single' topology.
D, [2020-11-30T10:52:58.651687 #8540] DEBUG -- : MONGODB | rocklov-web:27017 req:19 conn:1:1 sconn:56 | rocklov.delete | STARTED | {"delete"=>"users", "ordered"=>true, "deletes"=>[{"q"=>{"email"=>"paulo&email.com"}, "limit"=>0}], "$db"=>"rocklov", "lsid"=>{"id"=><BSON::Binary:0x76839140 type=uuid data=0xe29868cd1a8f401e...>}}
D, [2020-11-30T10:52:58.680030 #8540] DEBUG -- : MONGODB | rocklov-web:27017 req:19 | rocklov.delete | SUCCEEDED | 0.006s
D, [2020-11-30T10:52:59.184869 #8540] DEBUG -- : MONGODB | Server description for rocklov-web:27017 changed from 'standalone' to 'standalone'.
D, [2020-11-30T10:52:59.185247 #8540] DEBUG -- : MONGODB | There was a change in the members of the 'Single' topology.
D, [2020-11-30T10:53:03.754589 #8540] DEBUG -- : MONGODB | Topology type 'unknown' initializing.
D, [2020-11-30T10:53:03.759247 #8540] DEBUG -- : MONGODB | There was a change in the members of the 'Unknown' topology.
D, [2020-11-30T10:53:03.759717 #8540] DEBUG -- : MONGODB | Server rocklov-web:27017 initializing.
D, [2020-11-30T10:53:03.760042 #8540] DEBUG -- : MONGODB | Waiting for up to 30.00 seconds for servers to be scanned: #<Cluster topology=Unknown[rocklov-web:27017] servers=[#<Server address=rocklov-web:27017 UNKNOWN>]>
D, [2020-11-30T10:53:03.789836 #8540] DEBUG -- : MONGODB | Server description for rocklov-web:27017 changed from 'unknown' to 'standalone'.
D, [2020-11-30T10:53:03.790312 #8540] DEBUG -- : MONGODB | Topology type 'Unknown' changed to type 'Single'.
D, [2020-11-30T10:53:03.838279 #8540] DEBUG -- : MONGODB | Server description for rocklov-web:27017 changed from 'standalone' to 'standalone'.
D, [2020-11-30T10:53:03.839722 #8540] DEBUG -- : MONGODB | There was a change in the members of the 'Single' topology.
D, [2020-11-30T10:53:03.840953 #8540] DEBUG -- : MONGODB | rocklov-web:27017 req:22 conn:1:1 sconn:58 | rocklov.delete | STARTED | {"delete"=>"users", "ordered"=>true, "deletes"=>[{"q"=>{"email"=>"paulo@email.com"}, "limit"=>0}], "$db"=>"rocklov", "lsid"=>{"id"=><BSON::Binary:0x77569620 type=uuid data=0x7bbb7834c47f4ebd...>}}
D, [2020-11-30T10:53:03.878484 #8540] DEBUG -- : MONGODB | rocklov-web:27017 req:22 | rocklov.delete | SUCCEEDED | 0.037s
D, [2020-11-30T10:53:03.932516 #8540] DEBUG -- : MONGODB | Server description for rocklov-web:27017 changed from 'standalone' to 'standalone'.
D, [2020-11-30T10:53:03.933065 #8540] DEBUG -- : MONGODB | There was a change in the members of the 'Single' topology.
D, [2020-11-30T10:53:08.642624 #8540] DEBUG -- : MONGODB | Server description for rocklov-web:27017 changed from 'standalone' to 'standalone'.
D, [2020-11-30T10:53:08.642968 #8540] DEBUG -- : MONGODB | There was a change in the members of the 'Single' topology.
D, [2020-11-30T10:53:13.809433 #8540] DEBUG -- : MONGODB | Server description for rocklov-web:27017 changed from 'standalone' to 'standalone'.
D, [2020-11-30T10:53:13.809876 #8540] DEBUG -- : MONGODB | There was a change in the members of the 'Single' topology.
D, [2020-11-30T10:53:14.701928 #8540] DEBUG -- : MONGODB | Server description for rocklov-web:27017 changed from 'standalone' to 'standalone'.
D, [2020-11-30T10:53:14.716940 #8540] DEBUG -- : MONGODB | There was a change in the members of the 'Single' topology.
D, [2020-11-30T10:53:14.917541 #8540] DEBUG -- : MONGODB | rocklov-web:27017 req:24 conn:1:2 sconn:59 | admin.endSessions | STARTED | {"endSessions"=>[{"id"=><BSON::Binary:0x77569620 type=uuid data=0x7bbb7834c47f4ebd...>}], "$db"=>"admin"}
D, [2020-11-30T10:53:14.929062 #8540] DEBUG -- : MONGODB | rocklov-web:27017 req:24 | admin.endSessions | SUCCEEDED | 0.011s
D, [2020-11-30T10:53:14.948816 #8540] DEBUG -- : MONGODB | Server description for rocklov-web:27017 changed from 'standalone' to 'standalone'.
D, [2020-11-30T10:53:14.949449 #8540] DEBUG -- : MONGODB | There was a change in the members of the 'Single' topology.
D, [2020-11-30T10:53:14.950175 #8540] DEBUG -- : MONGODB | rocklov-web:27017 req:26 conn:1:2 sconn:60 | admin.endSessions | STARTED | {"endSessions"=>[{"id"=><BSON::Binary:0x76839140 type=uuid data=0xe29868cd1a8f401e...>}], "$db"=>"admin"}
D, [2020-11-30T10:53:14.962728 #8540] DEBUG -- : MONGODB | rocklov-web:27017 req:26 | admin.endSessions | SUCCEEDED | 0.012s
D, [2020-11-30T10:53:14.980917 #8540] DEBUG -- : MONGODB | Server description for rocklov-web:27017 changed from 'standalone' to 'standalone'.
D, [2020-11-30T10:53:14.981364 #8540] DEBUG -- : MONGODB | There was a change in the members of the 'Single' topology.
D, [2020-11-30T10:53:14.982300 #8540] DEBUG -- : MONGODB | rocklov-web:27017 req:28 conn:1:2 sconn:61 | admin.endSessions | STARTED | {"endSessions"=>[{"id"=><BSON::Binary:0x75687820 type=uuid data=0xaaaf161720dd4892...>}], "$db"=>"admin"}
D, [2020-11-30T10:53:14.993372 #8540] DEBUG -- : MONGODB | rocklov-web:27017 req:28 | admin.endSessions | SUCCEEDED | 0.011s
D, [2020-11-30T10:53:15.007126 #8540] DEBUG -- : MONGODB | Server description for rocklov-web:27017 changed from 'standalone' to 'standalone'.
D, [2020-11-30T10:53:15.007372 #8540] DEBUG -- : MONGODB | There was a change in the members of the 'Single' topology.
D, [2020-11-30T10:53:15.007876 #8540] DEBUG -- : MONGODB | rocklov-web:27017 req:30 conn:1:2 sconn:62 | admin.endSessions | STARTED | {"endSessions"=>[{"id"=><BSON::Binary:0x51123920 type=uuid data=0x64c098e2faa94a0c...>}], "$db"=>"admin"}
D, [2020-11-30T10:53:15.018809 #8540] DEBUG -- : MONGODB | rocklov-web:27017 req:30 | admin.endSessions | SUCCEEDED | 0.011s
D, [2020-11-30T10:53:15.034591 #8540] DEBUG -- : MONGODB | Server description for rocklov-web:27017 changed from 'standalone' to 'standalone'.
D, [2020-11-30T10:53:15.034898 #8540] DEBUG -- : MONGODB | There was a change in the members of the 'Single' topology.
D, [2020-11-30T10:53:15.035543 #8540] DEBUG -- : MONGODB | rocklov-web:27017 req:32 conn:1:2 sconn:63 | admin.endSessions | STARTED | {"endSessions"=>[{"id"=><BSON::Binary:0x61227820 type=uuid data=0x7b9b80076fb34fd2...>}], "$db"=>"admin"}
D, [2020-11-30T10:53:15.047129 #8540] DEBUG -- : MONGODB | rocklov-web:27017 req:32 | admin.endSessions | SUCCEEDED | 0.011s
D, [2020-11-30T10:53:15.060836 #8540] DEBUG -- : MONGODB | Server description for rocklov-web:27017 changed from 'standalone' to 'standalone'.
D, [2020-11-30T10:53:15.061059 #8540] DEBUG -- : MONGODB | There was a change in the members of the 'Single' topology.
D, [2020-11-30T10:53:15.061582 #8540] DEBUG -- : MONGODB | rocklov-web:27017 req:34 conn:1:2 sconn:64 | admin.endSessions | STARTED | {"endSessions"=>[{"id"=><BSON::Binary:0x33931480 type=uuid data=0x19cb6fa8e7514238...>}], "$db"=>"admin"}
D, [2020-11-30T10:53:15.073818 #8540] DEBUG -- : MONGODB | rocklov-web:27017 req:34 | admin.endSessions | SUCCEEDED | 0.012s
D, [2020-11-30T17:06:49.578303 #15168] DEBUG -- : MONGODB | Topology type 'unknown' initializing.
D, [2020-11-30T17:06:51.380995 #15168] DEBUG -- : MONGODB | There was a change in the members of the 'Unknown' topology.
D, [2020-11-30T17:06:51.381553 #15168] DEBUG -- : MONGODB | Server rocklov-web:27017 initializing.
D, [2020-11-30T17:06:51.666400 #15168] DEBUG -- : MONGODB | Waiting for up to 30.00 seconds for servers to be scanned: #<Cluster topology=Unknown[rocklov-web:27017] servers=[#<Server address=rocklov-web:27017 UNKNOWN>]>
D, [2020-11-30T17:06:53.222122 #15168] DEBUG -- : MONGODB | Waiting for up to 28.16 seconds for servers to be scanned: #<Cluster topology=Unknown[rocklov-web:27017] servers=[#<Server address=rocklov-web:27017 UNKNOWN>]>
D, [2020-11-30T17:06:53.223930 #15168] DEBUG -- : MONGODB | Server description for rocklov-web:27017 changed from 'unknown' to 'standalone'.
D, [2020-11-30T17:06:53.224945 #15168] DEBUG -- : MONGODB | Topology type 'Unknown' changed to type 'Single'.
D, [2020-11-30T17:06:55.234611 #15168] DEBUG -- : MONGODB | Server description for rocklov-web:27017 changed from 'standalone' to 'standalone'.
D, [2020-11-30T17:06:55.234854 #15168] DEBUG -- : MONGODB | There was a change in the members of the 'Single' topology.
D, [2020-11-30T17:06:55.688301 #15168] DEBUG -- : MONGODB | rocklov-web:27017 req:7 conn:1:1 sconn:67 | rocklov.delete | STARTED | {"delete"=>"users", "ordered"=>true, "deletes"=>[{"q"=>{"email"=>"paulo@email.com"}, "limit"=>0}], "$db"=>"rocklov", "lsid"=>{"id"=><BSON::Binary:0x59417480 type=uuid data=0xef6e8029d2854fc4...>}}
D, [2020-11-30T17:06:55.700084 #15168] DEBUG -- : MONGODB | rocklov-web:27017 req:7 | rocklov.delete | SUCCEEDED | 0.011s
D, [2020-11-30T17:07:05.265359 #15168] DEBUG -- : MONGODB | Server description for rocklov-web:27017 changed from 'standalone' to 'standalone'.
D, [2020-11-30T17:07:05.269341 #15168] DEBUG -- : MONGODB | There was a change in the members of the 'Single' topology.
D, [2020-11-30T17:07:08.075412 #15168] DEBUG -- : MONGODB | Topology type 'unknown' initializing.
D, [2020-11-30T17:07:08.197253 #15168] DEBUG -- : MONGODB | There was a change in the members of the 'Unknown' topology.
D, [2020-11-30T17:07:08.197607 #15168] DEBUG -- : MONGODB | Server rocklov-web:27017 initializing.
D, [2020-11-30T17:07:08.198035 #15168] DEBUG -- : MONGODB | Waiting for up to 30.00 seconds for servers to be scanned: #<Cluster topology=Unknown[rocklov-web:27017] servers=[#<Server address=rocklov-web:27017 UNKNOWN>]>
D, [2020-11-30T17:07:08.214533 #15168] DEBUG -- : MONGODB | Server description for rocklov-web:27017 changed from 'unknown' to 'standalone'.
D, [2020-11-30T17:07:08.215870 #15168] DEBUG -- : MONGODB | Topology type 'Unknown' changed to type 'Single'.
D, [2020-11-30T17:07:08.230982 #15168] DEBUG -- : MONGODB | Server description for rocklov-web:27017 changed from 'standalone' to 'standalone'.
D, [2020-11-30T17:07:08.231355 #15168] DEBUG -- : MONGODB | There was a change in the members of the 'Single' topology.
D, [2020-11-30T17:07:08.232795 #15168] DEBUG -- : MONGODB | rocklov-web:27017 req:10 conn:1:1 sconn:69 | rocklov.delete | STARTED | {"delete"=>"users", "ordered"=>true, "deletes"=>[{"q"=>{"email"=>""}, "limit"=>0}], "$db"=>"rocklov", "lsid"=>{"id"=><BSON::Binary:0x60789040 type=uuid data=0x1446a828323d47a0...>}}
D, [2020-11-30T17:07:08.244552 #15168] DEBUG -- : MONGODB | rocklov-web:27017 req:10 | rocklov.delete | SUCCEEDED | 0.011s
D, [2020-11-30T17:07:12.271065 #15168] DEBUG -- : MONGODB | Topology type 'unknown' initializing.
D, [2020-11-30T17:07:12.272693 #15168] DEBUG -- : MONGODB | There was a change in the members of the 'Unknown' topology.
D, [2020-11-30T17:07:12.273192 #15168] DEBUG -- : MONGODB | Server rocklov-web:27017 initializing.
D, [2020-11-30T17:07:12.273672 #15168] DEBUG -- : MONGODB | Waiting for up to 30.00 seconds for servers to be scanned: #<Cluster topology=Unknown[rocklov-web:27017] servers=[#<Server address=rocklov-web:27017 UNKNOWN>]>
D, [2020-11-30T17:07:12.296453 #15168] DEBUG -- : MONGODB | Server description for rocklov-web:27017 changed from 'unknown' to 'standalone'.
D, [2020-11-30T17:07:12.301960 #15168] DEBUG -- : MONGODB | Topology type 'Unknown' changed to type 'Single'.
D, [2020-11-30T17:07:12.328033 #15168] DEBUG -- : MONGODB | Server description for rocklov-web:27017 changed from 'standalone' to 'standalone'.
D, [2020-11-30T17:07:12.333322 #15168] DEBUG -- : MONGODB | There was a change in the members of the 'Single' topology.
D, [2020-11-30T17:07:12.334403 #15168] DEBUG -- : MONGODB | rocklov-web:27017 req:13 conn:1:1 sconn:71 | rocklov.delete | STARTED | {"delete"=>"users", "ordered"=>true, "deletes"=>[{"q"=>{"email"=>"paulo*email.com"}, "limit"=>0}], "$db"=>"rocklov", "lsid"=>{"id"=><BSON::Binary:0x74180200 type=uuid data=0xce8aa533b5464dcb...>}}
D, [2020-11-30T17:07:12.347520 #15168] DEBUG -- : MONGODB | rocklov-web:27017 req:13 | rocklov.delete | SUCCEEDED | 0.012s
D, [2020-11-30T17:07:15.831314 #15168] DEBUG -- : MONGODB | Topology type 'unknown' initializing.
D, [2020-11-30T17:07:15.832777 #15168] DEBUG -- : MONGODB | There was a change in the members of the 'Unknown' topology.
D, [2020-11-30T17:07:15.833464 #15168] DEBUG -- : MONGODB | Server rocklov-web:27017 initializing.
D, [2020-11-30T17:07:15.833932 #15168] DEBUG -- : MONGODB | Waiting for up to 30.00 seconds for servers to be scanned: #<Cluster topology=Unknown[rocklov-web:27017] servers=[#<Server address=rocklov-web:27017 UNKNOWN>]>
D, [2020-11-30T17:07:15.853315 #15168] DEBUG -- : MONGODB | Server description for rocklov-web:27017 changed from 'unknown' to 'standalone'.
D, [2020-11-30T17:07:15.854503 #15168] DEBUG -- : MONGODB | Topology type 'Unknown' changed to type 'Single'.
D, [2020-11-30T17:07:15.875927 #15168] DEBUG -- : MONGODB | Server description for rocklov-web:27017 changed from 'standalone' to 'standalone'.
D, [2020-11-30T17:07:15.877131 #15168] DEBUG -- : MONGODB | There was a change in the members of the 'Single' topology.
D, [2020-11-30T17:07:15.877878 #15168] DEBUG -- : MONGODB | rocklov-web:27017 req:16 conn:1:1 sconn:73 | rocklov.delete | STARTED | {"delete"=>"users", "ordered"=>true, "deletes"=>[{"q"=>{"email"=>"paulo&email.com"}, "limit"=>0}], "$db"=>"rocklov", "lsid"=>{"id"=><BSON::Binary:0x75788200 type=uuid data=0xa2a0ca96e9854db5...>}}
D, [2020-11-30T17:07:15.883589 #15168] DEBUG -- : MONGODB | rocklov-web:27017 req:16 | rocklov.delete | SUCCEEDED | 0.005s
D, [2020-11-30T17:07:18.227973 #15168] DEBUG -- : MONGODB | Server description for rocklov-web:27017 changed from 'standalone' to 'standalone'.
D, [2020-11-30T17:07:18.228223 #15168] DEBUG -- : MONGODB | There was a change in the members of the 'Single' topology.
D, [2020-11-30T17:07:19.483275 #15168] DEBUG -- : MONGODB | Topology type 'unknown' initializing.
D, [2020-11-30T17:07:19.483993 #15168] DEBUG -- : MONGODB | There was a change in the members of the 'Unknown' topology.
D, [2020-11-30T17:07:19.484396 #15168] DEBUG -- : MONGODB | Server rocklov-web:27017 initializing.
D, [2020-11-30T17:07:19.484888 #15168] DEBUG -- : MONGODB | Waiting for up to 30.00 seconds for servers to be scanned: #<Cluster topology=Unknown[rocklov-web:27017] servers=[#<Server address=rocklov-web:27017 UNKNOWN>]>
D, [2020-11-30T17:07:19.514237 #15168] DEBUG -- : MONGODB | Server description for rocklov-web:27017 changed from 'unknown' to 'standalone'.
D, [2020-11-30T17:07:19.516754 #15168] DEBUG -- : MONGODB | Topology type 'Unknown' changed to type 'Single'.
D, [2020-11-30T17:07:19.549075 #15168] DEBUG -- : MONGODB | Server description for rocklov-web:27017 changed from 'standalone' to 'standalone'.
D, [2020-11-30T17:07:19.551164 #15168] DEBUG -- : MONGODB | There was a change in the members of the 'Single' topology.
D, [2020-11-30T17:07:19.553697 #15168] DEBUG -- : MONGODB | rocklov-web:27017 req:19 conn:1:1 sconn:75 | rocklov.delete | STARTED | {"delete"=>"users", "ordered"=>true, "deletes"=>[{"q"=>{"email"=>"paulo@email.com"}, "limit"=>0}], "$db"=>"rocklov", "lsid"=>{"id"=><BSON::Binary:0x75813200 type=uuid data=0xb16e161ba835404a...>}}
D, [2020-11-30T17:07:19.573317 #15168] DEBUG -- : MONGODB | rocklov-web:27017 req:19 | rocklov.delete | SUCCEEDED | 0.019s
D, [2020-11-30T17:07:22.315693 #15168] DEBUG -- : MONGODB | Server description for rocklov-web:27017 changed from 'standalone' to 'standalone'.
D, [2020-11-30T17:07:22.316067 #15168] DEBUG -- : MONGODB | There was a change in the members of the 'Single' topology.
D, [2020-11-30T17:07:25.870741 #15168] DEBUG -- : MONGODB | Server description for rocklov-web:27017 changed from 'standalone' to 'standalone'.
D, [2020-11-30T17:07:25.871485 #15168] DEBUG -- : MONGODB | There was a change in the members of the 'Single' topology.
D, [2020-11-30T17:07:29.532679 #15168] DEBUG -- : MONGODB | Server description for rocklov-web:27017 changed from 'standalone' to 'standalone'.
D, [2020-11-30T17:07:29.544514 #15168] DEBUG -- : MONGODB | There was a change in the members of the 'Single' topology.
D, [2020-11-30T17:07:36.404776 #15168] DEBUG -- : MONGODB | Server description for rocklov-web:27017 changed from 'standalone' to 'standalone'.
D, [2020-11-30T17:07:36.405045 #15168] DEBUG -- : MONGODB | There was a change in the members of the 'Single' topology.
D, [2020-11-30T17:07:36.415891 #15168] DEBUG -- : MONGODB | rocklov-web:27017 req:21 conn:1:2 sconn:76 | admin.endSessions | STARTED | {"endSessions"=>[{"id"=><BSON::Binary:0x75813200 type=uuid data=0xb16e161ba835404a...>}], "$db"=>"admin"}
D, [2020-11-30T17:07:36.427135 #15168] DEBUG -- : MONGODB | rocklov-web:27017 req:21 | admin.endSessions | SUCCEEDED | 0.011s
D, [2020-11-30T17:07:36.442878 #15168] DEBUG -- : MONGODB | Server description for rocklov-web:27017 changed from 'standalone' to 'standalone'.
D, [2020-11-30T17:07:36.443144 #15168] DEBUG -- : MONGODB | There was a change in the members of the 'Single' topology.
D, [2020-11-30T17:07:36.443657 #15168] DEBUG -- : MONGODB | rocklov-web:27017 req:23 conn:1:2 sconn:77 | admin.endSessions | STARTED | {"endSessions"=>[{"id"=><BSON::Binary:0x75788200 type=uuid data=0xa2a0ca96e9854db5...>}], "$db"=>"admin"}
D, [2020-11-30T17:07:36.455432 #15168] DEBUG -- : MONGODB | rocklov-web:27017 req:23 | admin.endSessions | SUCCEEDED | 0.012s
D, [2020-11-30T17:07:36.469602 #15168] DEBUG -- : MONGODB | Server description for rocklov-web:27017 changed from 'standalone' to 'standalone'.
D, [2020-11-30T17:07:36.469981 #15168] DEBUG -- : MONGODB | There was a change in the members of the 'Single' topology.
D, [2020-11-30T17:07:36.471971 #15168] DEBUG -- : MONGODB | rocklov-web:27017 req:25 conn:1:2 sconn:78 | admin.endSessions | STARTED | {"endSessions"=>[{"id"=><BSON::Binary:0x74180200 type=uuid data=0xce8aa533b5464dcb...>}], "$db"=>"admin"}
D, [2020-11-30T17:07:36.483910 #15168] DEBUG -- : MONGODB | rocklov-web:27017 req:25 | admin.endSessions | SUCCEEDED | 0.012s
D, [2020-11-30T17:07:36.498568 #15168] DEBUG -- : MONGODB | Server description for rocklov-web:27017 changed from 'standalone' to 'standalone'.
D, [2020-11-30T17:07:36.498878 #15168] DEBUG -- : MONGODB | There was a change in the members of the 'Single' topology.
D, [2020-11-30T17:07:36.499553 #15168] DEBUG -- : MONGODB | rocklov-web:27017 req:27 conn:1:2 sconn:79 | admin.endSessions | STARTED | {"endSessions"=>[{"id"=><BSON::Binary:0x60789040 type=uuid data=0x1446a828323d47a0...>}], "$db"=>"admin"}
D, [2020-11-30T17:07:36.511102 #15168] DEBUG -- : MONGODB | rocklov-web:27017 req:27 | admin.endSessions | SUCCEEDED | 0.011s
D, [2020-11-30T17:07:36.524830 #15168] DEBUG -- : MONGODB | Server description for rocklov-web:27017 changed from 'standalone' to 'standalone'.
D, [2020-11-30T17:07:36.525153 #15168] DEBUG -- : MONGODB | There was a change in the members of the 'Single' topology.
D, [2020-11-30T17:07:36.525850 #15168] DEBUG -- : MONGODB | rocklov-web:27017 req:29 conn:1:2 sconn:80 | admin.endSessions | STARTED | {"endSessions"=>[{"id"=><BSON::Binary:0x59417480 type=uuid data=0xef6e8029d2854fc4...>}], "$db"=>"admin"}
D, [2020-11-30T17:07:36.537524 #15168] DEBUG -- : MONGODB | rocklov-web:27017 req:29 | admin.endSessions | SUCCEEDED | 0.011s
